0 info it worked if it ends with ok
1 verbose cli [
1 verbose cli   '/usr/local/bin/node',
1 verbose cli   '/Users/kris/node_modules/.bin/npm',
1 verbose cli   'run',
1 verbose cli   'build'
1 verbose cli ]
2 info using npm@2.15.12
3 info using node@v20.2.0
4 verbose run-script [ 'prebuild', 'build', 'postbuild' ]
5 info prebuild movies@
6 verbose unsafe-perm in lifecycle true
7 info movies@ Failed to exec prebuild script
8 verbose stack Error: movies@ prebuild: `cd Server && npm run build`
8 verbose stack Exit status 1
8 verbose stack     at EventEmitter.<anonymous> (/Users/kris/node_modules/npm/lib/utils/lifecycle.js:217:16)
8 verbose stack     at EventEmitter.emit (node:events:511:28)
8 verbose stack     at ChildProcess.<anonymous> (/Users/kris/node_modules/npm/lib/utils/spawn.js:24:14)
8 verbose stack     at ChildProcess.emit (node:events:511:28)
8 verbose stack     at maybeClose (node:internal/child_process:1098:16)
8 verbose stack     at ChildProcess._handle.onexit (node:internal/child_process:304:5)
9 verbose pkgid movies@
10 verbose cwd /Users/kris/Desktop/Movies/Client
11 error Darwin 22.6.0
12 error argv "/usr/local/bin/node" "/Users/kris/node_modules/.bin/npm" "run" "build"
13 error node v20.2.0
14 error npm  v2.15.12
15 error code ELIFECYCLE
16 error movies@ prebuild: `cd Server && npm run build`
16 error Exit status 1
17 error Failed at the movies@ prebuild script 'cd Server && npm run build'.
17 error This is most likely a problem with the movies package,
17 error not with npm itself.
17 error Tell the author that this fails on your system:
17 error     cd Server && npm run build
17 error You can get information on how to open an issue for this project with:
17 error     npm bugs movies
17 error Or if that isn't available, you can get their info via:
17 error
17 error     npm owner ls movies
17 error There is likely additional logging output above.
18 verbose exit [ 1, true ]
